\BOOKMARK [1][-]{Doc-Start}{\376\377\000P\000r\000e\000l\000i\000m\000i\000n\000a\000r\000i\000e\000s}{}% 1
\BOOKMARK [2][-]{subsection.0.1}{\376\377\000P\000r\000o\000j\000e\000c\000t\000\040\000o\000v\000e\000r\000v\000i\000e\000w\000l\000s}{Doc-Start}% 2
\BOOKMARK [2][-]{subsection.0.2}{\376\377\000P\000r\000o\000j\000e\000c\000t\000\040\000o\000b\000j\000e\000c\000t\000i\000v\000e\000s}{Doc-Start}% 3
\BOOKMARK [1][-]{section.1}{\376\377\000I\000n\000t\000r\000o\000d\000u\000c\000t\000i\000o\000n}{}% 4
\BOOKMARK [2][-]{subsection.1.1}{\376\377\000H\000a\000r\000d\000w\000a\000r\000e\000\040\000R\000e\000q\000u\000i\000r\000e\000m\000e\000n\000t\000s}{section.1}% 5
\BOOKMARK [2][-]{subsection.1.2}{\376\377\000F\000i\000r\000m\000w\000a\000r\000e\000\040\000R\000e\000q\000u\000i\000r\000e\000m\000e\000n\000t\000s}{section.1}% 6
\BOOKMARK [2][-]{subsection.1.3}{\376\377\000O\000p\000e\000r\000a\000t\000i\000o\000n\000\040\000F\000l\000o\000w}{section.1}% 7
\BOOKMARK [2][-]{subsection.1.4}{\376\377\000L\000i\000m\000i\000t\000a\000t\000i\000o\000n\000s\000\040\000a\000n\000d\000\040\000F\000u\000t\000u\000r\000e\000\040\000I\000m\000p\000r\000o\000v\000e\000m\000e\000n\000t\000s}{section.1}% 8
\BOOKMARK [1][-]{section.2}{\376\377\000C\000i\000r\000c\000u\000i\000t\000r\000y}{}% 9
\BOOKMARK [2][-]{subsection.2.1}{\376\377\000B\000l\000o\000c\000k\000\040\000D\000i\000a\000g\000r\000a\000m}{section.2}% 10
\BOOKMARK [2][-]{subsection.2.2}{\376\377\000S\000c\000h\000e\000m\000a\000t\000i\000c\000s}{section.2}% 11
\BOOKMARK [2][-]{subsection.2.3}{\376\377\000C\000i\000r\000c\000u\000i\000t\000\040\000D\000i\000a\000g\000r\000a\000m\000s}{section.2}% 12
\BOOKMARK [3][-]{subsubsection.2.3.1}{\376\377\000D\000i\000g\000i\000t\000a\000l\000\040\000a\000n\000d\000\040\000A\000n\000a\000l\000o\000g\000\040\000S\000u\000p\000p\000l\000i\000e\000s\000\040\000C\000i\000r\000c\000u\000i\000t\000r\000y}{subsection.2.3}% 13
\BOOKMARK [3][-]{subsubsection.2.3.2}{\376\377\000R\000C\000\040\000D\000e\000l\000a\000y\000\040\000R\000e\000s\000e\000t\000\040\000C\000i\000r\000c\000u\000i\000t\000r\000y}{subsection.2.3}% 14
\BOOKMARK [3][-]{subsubsection.2.3.3}{\376\377\0001\0002\000K\000o\000h\000m\000\040\000R\000E\000S}{subsection.2.3}% 15
\BOOKMARK [3][-]{subsubsection.2.3.4}{\376\377\000R\000F\000\040\000A\000n\000t\000e\000n\000n\000a\000\040\000C\000i\000r\000c\000u\000i\000t\000r\000y}{subsection.2.3}% 16
\BOOKMARK [3][-]{subsubsection.2.3.5}{\376\377\000X\000T\000A\000L\000\040\000C\000i\000r\000c\000u\000i\000t\000r\000y}{subsection.2.3}% 17
\BOOKMARK [3][-]{subsubsection.2.3.6}{\376\377\000D\000r\000i\000v\000e\000\040\000C\000u\000r\000r\000e\000n\000t\000\040\000S\000e\000r\000i\000a\000l\000\040\000C\000l\000o\000c\000k\000\040\000R\000E\000S}{subsection.2.3}% 18
\BOOKMARK [3][-]{subsubsection.2.3.7}{\376\377\000P\000o\000w\000e\000r\000\040\000C\000i\000r\000c\000u\000i\000t\000r\000y}{subsection.2.3}% 19
\BOOKMARK [3][-]{subsubsection.2.3.8}{\376\377\000S\000t\000o\000r\000a\000g\000e\000\040\000C\000i\000r\000c\000u\000i\000t\000r\000y}{subsection.2.3}% 20
\BOOKMARK [3][-]{subsubsection.2.3.9}{\376\377\000T\000e\000m\000p\000e\000r\000a\000t\000u\000r\000e\000\040\000S\000e\000n\000s\000o\000r\000\040\000C\000i\000r\000c\000u\000i\000t\000r\000y}{subsection.2.3}% 21
\BOOKMARK [1][-]{section.3}{\376\377\000P\000r\000i\000n\000t\000e\000d\000\040\000C\000i\000r\000c\000u\000i\000t\000\040\000B\000o\000a\000r\000d}{}% 22
\BOOKMARK [2][-]{subsection.3.1}{\376\377\000P\000C\000B\000\040\000D\000e\000s\000i\000g\000n}{section.3}% 23
\BOOKMARK [2][-]{subsection.3.2}{\376\377\000P\000C\000B\000\040\000S\000p\000e\000c\000i\000f\000i\000c\000a\000t\000i\000o\000n\000s}{section.3}% 24
\BOOKMARK [3][-]{subsubsection.3.2.1}{\376\377\000E\000S\000P\0008\0002\0006\0006\000E\000X\000\040\000P\000o\000w\000e\000r\000\040\000S\000u\000p\000p\000l\000y\000\040\000D\000e\000s\000i\000g\000n}{subsection.3.2}% 25
\BOOKMARK [3][-]{subsubsection.3.2.2}{\376\377\000L\000a\000y\000e\000r\000s\000\040\000D\000e\000s\000i\000g\000n}{subsection.3.2}% 26
\BOOKMARK [3][-]{subsubsection.3.2.3}{\376\377\000R\000e\000s\000e\000t\000\040\000T\000r\000a\000c\000k\000\040\000D\000e\000s\000i\000g\000n}{subsection.3.2}% 27
\BOOKMARK [3][-]{subsubsection.3.2.4}{\376\377\000X\000T\000A\000L\000\040\000-\000\040\000C\000r\000y\000s\000t\000a\000l\000\040\000O\000s\000c\000i\000l\000l\000a\000t\000o\000r\000\040\000D\000e\000s\000i\000g\000n}{subsection.3.2}% 28
\BOOKMARK [3][-]{subsubsection.3.2.5}{\376\377\000R\000F\000\040\000A\000n\000t\000e\000n\000n\000a}{subsection.3.2}% 29
\BOOKMARK [1][-]{section.4}{\376\377\000F\000i\000r\000m\000w\000a\000r\000e}{}% 30
\BOOKMARK [2][-]{subsection.4.1}{\376\377\000F\000i\000r\000m\000w\000a\000r\000e\000\040\000D\000e\000s\000c\000r\000i\000p\000t\000i\000o\000n}{section.4}% 31
\BOOKMARK [2][-]{subsection.4.2}{\376\377\000C\000o\000n\000f\000i\000g\000u\000r\000a\000t\000i\000o\000n\000s\000\040\000a\000n\000d\000\040\000P\000a\000r\000a\000m\000e\000t\000e\000r\000s}{section.4}% 32
\BOOKMARK [2][-]{subsection.4.3}{\376\377\000F\000i\000r\000m\000w\000a\000r\000e\000\040\000A\000r\000c\000h\000i\000t\000e\000c\000t\000u\000r\000e}{section.4}% 33
\BOOKMARK [2][-]{subsection.4.4}{\376\377\000F\000e\000a\000t\000u\000r\000e\000s\000\040\000a\000n\000d\000\040\000A\000l\000g\000o\000r\000i\000t\000h\000m\000s}{section.4}% 34
\BOOKMARK [2][-]{subsection.4.5}{\376\377\000I\000n\000t\000e\000r\000f\000a\000c\000e\000s\000\040\000a\000n\000d\000\040\000P\000r\000o\000t\000o\000c\000o\000l\000s}{section.4}% 35
\BOOKMARK [1][-]{section*.13}{\376\377\000R\000e\000f\000e\000r\000e\000n\000c\000e\000s}{}% 36
